{"name": "test_post_vote[6-expected_status2-Invalid vote value 6]", "status": "failed", "statusDetails": {"message": "AssertionError: Unexpected status code: 201\nassert 201 in [400]\n +  where 201 = <Response [201]>.status_code", "trace": "user_client = <api_clients.user_api_client.UserApiClient object at 0x102a0c6e0>\nimage_id = {'breeds': [{'adaptability': 5, 'affection_level': 5, 'alt_names': '', 'cfa_url': 'http://cfa.org/Breeds/BreedsAB/Abyssinian.aspx', ...}], 'height': 1107, 'id': '9x1zk_Qdr', 'url': 'https://cdn2.thecatapi.com/images/9x1zk_Qdr.jpg', ...}\nvote_value = 6, expected_status = [400], comment = 'Invalid vote value 6'\n\n    @pytest.mark.parametrize(\n            \"vote_value, expected_status, comment\",\n            [\n                (1, [200, 201], \"Valid vote value 1\"),\n                (0, [400], \"Invalid vote value 0\"),\n                (6, [400], \"Invalid vote value 6\"),\n                (-1, [400], \"Invalid negative vote value\"),\n                (\"a\", [400], \"Invalid non-integer vote value\"),\n            ]\n    )\n    def test_post_vote(user_client, image_id, vote_value, expected_status, comment):\n        vote_data = {\n            \"image_id\": image_id[\"id\"],\n            \"value\": vote_value\n        }\n        response = user_client.post_vote(vote_data)\n>       assert response.status_code in expected_status, f\"Unexpected status code: {response.status_code}\"\nE       AssertionError: Unexpected status code: 201\nE       assert 201 in [400]\nE        +  where 201 = <Response [201]>.status_code\n\ntests/test_votes.py:51: AssertionError"}, "parameters": [{"name": "vote_value", "value": "6"}, {"name": "expected_status", "value": "[400]"}, {"name": "comment", "value": "'Invalid vote value 6'"}], "start": 1759064020499, "stop": 1759064021184, "uuid": "a5a2bf71-9e90-45e4-8182-134e23855e3c", "historyId": "01befccf013e6bff2f4e9613a58cedd3", "testCaseId": "e39dc0ffaac181975c73ff3c4b47cfea", "fullName": "tests.test_votes#test_post_vote", "labels": [{"name": "parentSuite", "value": "tests"}, {"name": "suite", "value": "test_votes"}, {"name": "host", "value": "MacBook-Pro-OX.local"}, {"name": "thread", "value": "79873-MainThread"}, {"name": "framework", "value": "pytest"}, {"name": "language", "value": "cpython3"}, {"name": "package", "value": "tests.test_votes"}], "titlePath": ["tests", "test_votes.py"]}