{"uid":"7d073f29e0bd1db8","name":"test_post_vote[a-expected_status4-Invalid non-integer vote value]","fullName":"tests.test_votes#test_post_vote","historyId":"333804228427d8d3a4046afd05ef0f98","time":{"start":1759132502472,"stop":1759132503039,"duration":567},"status":"failed","statusMessage":"AssertionError: Unexpected status code: 201\nassert 201 in [400]\n +  where 201 = <Response [201]>.status_code","statusTrace":"user_client = <api_clients.user_api_client.UserApiClient object at 0x7f597177b490>\nimage_id = {'breeds': [], 'height': 612, 'id': 'ddj', 'url': 'https://cdn2.thecatapi.com/images/ddj.jpg', ...}\nvote_value = 'a', expected_status = [400]\ncomment = 'Invalid non-integer vote value'\n\n    @pytest.mark.parametrize(\n            \"vote_value, expected_status, comment\",\n            [\n                (1, [200, 201], \"Valid vote value 1\"),\n                (0, [400], \"Invalid vote value 0\"),\n                (6, [400], \"Invalid vote value 6\"),\n                (-1, [400], \"Invalid negative vote value\"),\n                (\"a\", [400], \"Invalid non-integer vote value\"),\n            ]\n    )\n    def test_post_vote(user_client, image_id, vote_value, expected_status, comment):\n        vote_data = {\n            \"image_id\": image_id[\"id\"],\n            \"value\": vote_value\n        }\n        response = user_client.post_vote(vote_data)\n>       assert response.status_code in expected_status, f\"Unexpected status code: {response.status_code}\"\nE       AssertionError: Unexpected status code: 201\nE       assert 201 in [400]\nE        +  where 201 = <Response [201]>.status_code\n\ntests/test_votes.py:51: AssertionError","flaky":false,"newFailed":false,"newBroken":false,"newPassed":false,"retriesCount":1,"retriesStatusChange":false,"beforeStages":[{"name":"user_client","time":{"start":1759132484429,"stop":1759132484429,"duration":0},"status":"passed","steps":[],"attachments":[],"parameters":[],"stepsCount":0,"shouldDisplayMessage":false,"attachmentsCount":0,"hasContent":false,"attachmentStep":false},{"name":"image_id","time":{"start":1759132502149,"stop":1759132502471,"duration":322},"status":"passed","steps":[],"attachments":[],"parameters":[],"stepsCount":0,"shouldDisplayMessage":false,"attachmentsCount":0,"hasContent":false,"attachmentStep":false}],"testStage":{"status":"failed","statusMessage":"AssertionError: Unexpected status code: 201\nassert 201 in [400]\n +  where 201 = <Response [201]>.status_code","statusTrace":"user_client = <api_clients.user_api_client.UserApiClient object at 0x7f597177b490>\nimage_id = {'breeds': [], 'height': 612, 'id': 'ddj', 'url': 'https://cdn2.thecatapi.com/images/ddj.jpg', ...}\nvote_value = 'a', expected_status = [400]\ncomment = 'Invalid non-integer vote value'\n\n    @pytest.mark.parametrize(\n            \"vote_value, expected_status, comment\",\n            [\n                (1, [200, 201], \"Valid vote value 1\"),\n                (0, [400], \"Invalid vote value 0\"),\n                (6, [400], \"Invalid vote value 6\"),\n                (-1, [400], \"Invalid negative vote value\"),\n                (\"a\", [400], \"Invalid non-integer vote value\"),\n            ]\n    )\n    def test_post_vote(user_client, image_id, vote_value, expected_status, comment):\n        vote_data = {\n            \"image_id\": image_id[\"id\"],\n            \"value\": vote_value\n        }\n        response = user_client.post_vote(vote_data)\n>       assert response.status_code in expected_status, f\"Unexpected status code: {response.status_code}\"\nE       AssertionError: Unexpected status code: 201\nE       assert 201 in [400]\nE        +  where 201 = <Response [201]>.status_code\n\ntests/test_votes.py:51: AssertionError","steps":[],"attachments":[{"uid":"af373e202ec45856","name":"stdout","source":"af373e202ec45856.txt","type":"text/plain","size":32}],"parameters":[],"stepsCount":0,"shouldDisplayMessage":true,"attachmentsCount":1,"hasContent":true,"attachmentStep":false},"afterStages":[{"name":"image_id::0","time":{"start":1759132503043,"stop":1759132503299,"duration":256},"status":"passed","steps":[],"attachments":[],"parameters":[],"stepsCount":0,"shouldDisplayMessage":false,"attachmentsCount":0,"hasContent":false,"attachmentStep":false}],"labels":[{"name":"parentSuite","value":"tests"},{"name":"suite","value":"test_votes"},{"name":"host","value":"runnervm3ublj"},{"name":"thread","value":"2189-MainThread"},{"name":"framework","value":"pytest"},{"name":"language","value":"cpython3"},{"name":"package","value":"tests.test_votes"},{"name":"resultFormat","value":"allure2"}],"parameters":[{"name":"comment","value":"'Invalid non-integer vote value'"},{"name":"expected_status","value":"[400]"},{"name":"vote_value","value":"'a'"}],"links":[],"hidden":false,"retry":false,"extra":{"severity":"normal","retries":[{"uid":"fc5600b3771e8f41","status":"failed","statusDetails":"AssertionError: Unexpected status code: 201\nassert 201 in [400]\n +  where 201 = <Response [201]>.status_code","time":{"start":1759064022960,"stop":1759064023662,"duration":702}}],"categories":[{"name":"Product defects","matchedStatuses":[],"flaky":false}],"tags":[]},"source":"7d073f29e0bd1db8.json","parameterValues":["'Invalid non-integer vote value'","[400]","'a'"]}