{"uid":"a5dabb55fafcf8e0","name":"test_post_vote[-1-expected_status3-Invalid negative vote value]","fullName":"tests.test_votes#test_post_vote","historyId":"c2b626f19494e23d9ab111ef39e8203e","time":{"start":1759132674313,"stop":1759132674862,"duration":549},"status":"failed","statusMessage":"AssertionError: Unexpected status code: 201\nassert 201 in [400]\n +  where 201 = <Response [201]>.status_code","statusTrace":"user_client = <api_clients.user_api_client.UserApiClient object at 0x7fe32b34b010>\nimage_id = {'breeds': [], 'height': 2448, 'id': 'bjk', 'url': 'https://cdn2.thecatapi.com/images/bjk.jpg', ...}\nvote_value = -1, expected_status = [400]\ncomment = 'Invalid negative vote value'\n\n    @pytest.mark.parametrize(\n            \"vote_value, expected_status, comment\",\n            [\n                (1, [200, 201], \"Valid vote value 1\"),\n                (0, [400], \"Invalid vote value 0\"),\n                (6, [400], \"Invalid vote value 6\"),\n                (-1, [400], \"Invalid negative vote value\"),\n                (\"a\", [400], \"Invalid non-integer vote value\"),\n            ]\n    )\n    def test_post_vote(user_client, image_id, vote_value, expected_status, comment):\n        vote_data = {\n            \"image_id\": image_id[\"id\"],\n            \"value\": vote_value\n        }\n        response = user_client.post_vote(vote_data)\n>       assert response.status_code in expected_status, f\"Unexpected status code: {response.status_code}\"\nE       AssertionError: Unexpected status code: 201\nE       assert 201 in [400]\nE        +  where 201 = <Response [201]>.status_code\n\ntests/test_votes.py:49: AssertionError","flaky":false,"newFailed":false,"newBroken":false,"newPassed":false,"retriesCount":1,"retriesStatusChange":false,"beforeStages":[{"name":"user_client","time":{"start":1759132658382,"stop":1759132658382,"duration":0},"status":"passed","steps":[],"attachments":[],"parameters":[],"stepsCount":0,"shouldDisplayMessage":false,"attachmentsCount":0,"hasContent":false,"attachmentStep":false},{"name":"image_id","time":{"start":1759132673965,"stop":1759132674312,"duration":347},"status":"passed","steps":[],"attachments":[],"parameters":[],"stepsCount":0,"shouldDisplayMessage":false,"attachmentsCount":0,"hasContent":false,"attachmentStep":false}],"testStage":{"status":"failed","statusMessage":"AssertionError: Unexpected status code: 201\nassert 201 in [400]\n +  where 201 = <Response [201]>.status_code","statusTrace":"user_client = <api_clients.user_api_client.UserApiClient object at 0x7fe32b34b010>\nimage_id = {'breeds': [], 'height': 2448, 'id': 'bjk', 'url': 'https://cdn2.thecatapi.com/images/bjk.jpg', ...}\nvote_value = -1, expected_status = [400]\ncomment = 'Invalid negative vote value'\n\n    @pytest.mark.parametrize(\n            \"vote_value, expected_status, comment\",\n            [\n                (1, [200, 201], \"Valid vote value 1\"),\n                (0, [400], \"Invalid vote value 0\"),\n                (6, [400], \"Invalid vote value 6\"),\n                (-1, [400], \"Invalid negative vote value\"),\n                (\"a\", [400], \"Invalid non-integer vote value\"),\n            ]\n    )\n    def test_post_vote(user_client, image_id, vote_value, expected_status, comment):\n        vote_data = {\n            \"image_id\": image_id[\"id\"],\n            \"value\": vote_value\n        }\n        response = user_client.post_vote(vote_data)\n>       assert response.status_code in expected_status, f\"Unexpected status code: {response.status_code}\"\nE       AssertionError: Unexpected status code: 201\nE       assert 201 in [400]\nE        +  where 201 = <Response [201]>.status_code\n\ntests/test_votes.py:49: AssertionError","steps":[],"attachments":[{"uid":"e38968cd1b400ec2","name":"stdout","source":"e38968cd1b400ec2.txt","type":"text/plain","size":32}],"parameters":[],"stepsCount":0,"shouldDisplayMessage":true,"attachmentsCount":1,"hasContent":true,"attachmentStep":false},"afterStages":[{"name":"image_id::0","time":{"start":1759132674871,"stop":1759132675101,"duration":230},"status":"passed","steps":[],"attachments":[],"parameters":[],"stepsCount":0,"shouldDisplayMessage":false,"attachmentsCount":0,"hasContent":false,"attachmentStep":false}],"labels":[{"name":"parentSuite","value":"tests"},{"name":"suite","value":"test_votes"},{"name":"host","value":"runnervm3ublj"},{"name":"thread","value":"2177-MainThread"},{"name":"framework","value":"pytest"},{"name":"language","value":"cpython3"},{"name":"package","value":"tests.test_votes"},{"name":"resultFormat","value":"allure2"}],"parameters":[{"name":"comment","value":"'Invalid negative vote value'"},{"name":"expected_status","value":"[400]"},{"name":"vote_value","value":"-1"}],"links":[],"hidden":false,"retry":false,"extra":{"severity":"normal","retries":[{"uid":"a7da837eda8c15ec","status":"failed","statusDetails":"AssertionError: Unexpected status code: 201\nassert 201 in [400]\n +  where 201 = <Response [201]>.status_code","time":{"start":1759064021695,"stop":1759064022460,"duration":765}}],"categories":[{"name":"Product defects","matchedStatuses":[],"flaky":false}],"tags":[]},"source":"a5dabb55fafcf8e0.json","parameterValues":["'Invalid negative vote value'","[400]","-1"]}