{"uid":"cd21eda56048750c","name":"test_post_vote[0-expected_status1-Invalid vote value 0]","fullName":"tests.test_votes#test_post_vote","historyId":"8eb55716eb1428b44501548aa0f49ae4","time":{"start":1759132671902,"stop":1759132672503,"duration":601},"status":"failed","statusMessage":"AssertionError: Unexpected status code: 201\nassert 201 in [400]\n +  where 201 = <Response [201]>.status_code","statusTrace":"user_client = <api_clients.user_api_client.UserApiClient object at 0x7fe32b34b010>\nimage_id = {'breeds': [], 'categories': [{'id': 1, 'name': 'hats'}], 'height': 375, 'id': 'MTY1NjQ1Mg', ...}\nvote_value = 0, expected_status = [400], comment = 'Invalid vote value 0'\n\n    @pytest.mark.parametrize(\n            \"vote_value, expected_status, comment\",\n            [\n                (1, [200, 201], \"Valid vote value 1\"),\n                (0, [400], \"Invalid vote value 0\"),\n                (6, [400], \"Invalid vote value 6\"),\n                (-1, [400], \"Invalid negative vote value\"),\n                (\"a\", [400], \"Invalid non-integer vote value\"),\n            ]\n    )\n    def test_post_vote(user_client, image_id, vote_value, expected_status, comment):\n        vote_data = {\n            \"image_id\": image_id[\"id\"],\n            \"value\": vote_value\n        }\n        response = user_client.post_vote(vote_data)\n>       assert response.status_code in expected_status, f\"Unexpected status code: {response.status_code}\"\nE       AssertionError: Unexpected status code: 201\nE       assert 201 in [400]\nE        +  where 201 = <Response [201]>.status_code\n\ntests/test_votes.py:49: AssertionError","flaky":false,"newFailed":false,"newBroken":false,"newPassed":false,"retriesCount":1,"retriesStatusChange":false,"beforeStages":[{"name":"user_client","time":{"start":1759132658382,"stop":1759132658382,"duration":0},"status":"passed","steps":[],"attachments":[],"parameters":[],"stepsCount":0,"shouldDisplayMessage":false,"attachmentsCount":0,"hasContent":false,"attachmentStep":false},{"name":"image_id","time":{"start":1759132671581,"stop":1759132671901,"duration":320},"status":"passed","steps":[],"attachments":[],"parameters":[],"stepsCount":0,"shouldDisplayMessage":false,"attachmentsCount":0,"hasContent":false,"attachmentStep":false}],"testStage":{"status":"failed","statusMessage":"AssertionError: Unexpected status code: 201\nassert 201 in [400]\n +  where 201 = <Response [201]>.status_code","statusTrace":"user_client = <api_clients.user_api_client.UserApiClient object at 0x7fe32b34b010>\nimage_id = {'breeds': [], 'categories': [{'id': 1, 'name': 'hats'}], 'height': 375, 'id': 'MTY1NjQ1Mg', ...}\nvote_value = 0, expected_status = [400], comment = 'Invalid vote value 0'\n\n    @pytest.mark.parametrize(\n            \"vote_value, expected_status, comment\",\n            [\n                (1, [200, 201], \"Valid vote value 1\"),\n                (0, [400], \"Invalid vote value 0\"),\n                (6, [400], \"Invalid vote value 6\"),\n                (-1, [400], \"Invalid negative vote value\"),\n                (\"a\", [400], \"Invalid non-integer vote value\"),\n            ]\n    )\n    def test_post_vote(user_client, image_id, vote_value, expected_status, comment):\n        vote_data = {\n            \"image_id\": image_id[\"id\"],\n            \"value\": vote_value\n        }\n        response = user_client.post_vote(vote_data)\n>       assert response.status_code in expected_status, f\"Unexpected status code: {response.status_code}\"\nE       AssertionError: Unexpected status code: 201\nE       assert 201 in [400]\nE        +  where 201 = <Response [201]>.status_code\n\ntests/test_votes.py:49: AssertionError","steps":[],"attachments":[{"uid":"d512b21dfcc92ca1","name":"stdout","source":"d512b21dfcc92ca1.txt","type":"text/plain","size":39}],"parameters":[],"stepsCount":0,"shouldDisplayMessage":true,"attachmentsCount":1,"hasContent":true,"attachmentStep":false},"afterStages":[{"name":"image_id::0","time":{"start":1759132672507,"stop":1759132672776,"duration":269},"status":"passed","steps":[],"attachments":[],"parameters":[],"stepsCount":0,"shouldDisplayMessage":false,"attachmentsCount":0,"hasContent":false,"attachmentStep":false}],"labels":[{"name":"parentSuite","value":"tests"},{"name":"suite","value":"test_votes"},{"name":"host","value":"runnervm3ublj"},{"name":"thread","value":"2177-MainThread"},{"name":"framework","value":"pytest"},{"name":"language","value":"cpython3"},{"name":"package","value":"tests.test_votes"},{"name":"resultFormat","value":"allure2"}],"parameters":[{"name":"comment","value":"'Invalid vote value 0'"},{"name":"expected_status","value":"[400]"},{"name":"vote_value","value":"0"}],"links":[],"hidden":false,"retry":false,"extra":{"severity":"normal","retries":[{"uid":"1a7483159355d849","status":"failed","statusDetails":"AssertionError: Unexpected status code: 201\nassert 201 in [400]\n +  where 201 = <Response [201]>.status_code","time":{"start":1759064019283,"stop":1759064019964,"duration":681}}],"categories":[{"name":"Product defects","matchedStatuses":[],"flaky":false}],"tags":[]},"source":"cd21eda56048750c.json","parameterValues":["'Invalid vote value 0'","[400]","0"]}